<?xml version="1.0" encoding="UTF-8"?>
<!-- Generated by org.testng.reporters.JUnitReportReporter -->
<testsuite skipped="0" hostname="DESKTOP-NN6EBEJ" name="pages.SecondScript" tests="1" failures="0" timestamp="2020-02-26T17:44:31 IST" time="3.529" errors="0">
  <testcase name="login" time="3.529" classname="pages.SecondScript"/>
</testsuite> <!-- pages.SecondScript -->
