<?xml version="1.0" encoding="UTF-8"?>
<!-- Generated by org.testng.reporters.JUnitReportReporter -->
<testsuite skipped="0" hostname="DESKTOP-NN6EBEJ" name="pages.TestCreateAccount" tests="1" failures="0" timestamp="2020-02-26T17:43:53 IST" time="1.886" errors="0">
  <testcase name="testcreateAccount" time="1.886" classname="pages.TestCreateAccount"/>
</testsuite> <!-- pages.TestCreateAccount -->
